LOG_START=================================
[time=2017-09-03 19:18:41] [127.0.0.1][-][-][level=error][category=yii\base\ErrorException:2] 
exception 'yii\base\ErrorException' with message 'file_put_contents(D:\git\pokermate/resource/data/temp/config.data1504437369.js): failed to open stream: No such file or directory' in D:\git\pokermate\umeworld\lib\Application.php:148
Stack trace:
#0 [internal function]: yii\base\ErrorHandler->handleError(2, 'file_put_conten...', 'D:\\git\\pokermat...', 148, Array)
#1 D:\git\pokermate\umeworld\lib\Application.php(148): file_put_contents('D:\\git\\pokermat...', '')
#2 D:\git\pokermate\umeworld\lib\Application.php(32): umeworld\lib\Application->_initConfigTojsFile()
#3 D:\git\pokermate\common\lib\AppCreater.php(73): umeworld\lib\Application->__construct(Array)
#4 D:\git\pokermate\apps\home\web\index.php(4): common\lib\AppCreater->createApp()
#5 D:\git\pokermate\index.php(3): require('D:\\git\\pokermat...')
#6 {main}
=================================LOG_END
LOG_START=================================
[time=2017-09-03 19:18:41] [127.0.0.1][-][-][level=info][category=application] 
$_SERVER = [
    'HTTP_HOST' => 'www.pokermate.com'
    'HTTP_CONNECTION' => 'keep-alive'
    'HTTP_CACHE_CONTROL' => 'max-age=0'
    'HTTP_UPGRADE_INSECURE_REQUESTS' => '1'
    'HTTP_USER_AGENT' => 'Mozilla/5.0 (Windows NT 6.1; WOW64) AppleWebKit/537.36 (KHTML, like Gecko) Chrome/60.0.3112.90 Safari/537.36'
    'HTTP_ACCEPT' => 'text/html,application/xhtml+xml,application/xml;q=0.9,image/webp,image/apng,*/*;q=0.8'
    'HTTP_ACCEPT_ENCODING' => 'gzip, deflate'
    'HTTP_ACCEPT_LANGUAGE' => 'zh-CN,zh;q=0.8,en;q=0.6,fr;q=0.4'
    'PATH' => 'C:\\Users\\Public\\Fog\\Program\\;C:\\Users\\Public\\PTGo\\Program\\;C:\\Program Files\\Common Files\\Microsoft Shared\\Windows Live;C:\\Program Files (x86)\\Common Files\\Microsoft Shared\\Windows Live;D:\\Program Files\\CollabNet\\Subversion Client;C:\\Program Files (x86)\\Intel\\iCLS Client\\;C:\\Program Files\\Intel\\iCLS Client\\;C:\\Windows\\system32;C:\\Windows;C:\\Windows\\System32\\Wbem;C:\\Windows\\System32\\WindowsPowerShell\\v1.0\\;C:\\Program Files (x86)\\Intel\\OpenCL SDK\\2.0\\bin\\x86;C:\\Program Files (x86)\\Intel\\OpenCL SDK\\2.0\\bin\\x64;C:\\Program Files\\Intel\\Intel(R) Management Engine Components\\DAL;C:\\Program Files\\Intel\\Intel(R) Management Engine Components\\IPT;C:\\Program Files (x86)\\Intel\\Intel(R) Management Engine Components\\DAL;C:\\Program Files (x86)\\Intel\\Intel(R) Management Engine Components\\IPT;C:\\Program Files (x86)\\Windows Live\\Shared;D:\\Program Files\\Windows7Master;D:\\Program Files\\Rational\\common;D:\\Program Files\\TortoiseSVN\\bin;C:\\Program Files\\Microsoft\\Web Platform Installer\\;C:\\Program Files (x86)\\Microsoft ASP.NET\\ASP.NET Web Pages\\v1.0\\;C:\\Program Files (x86)\\Windows Kits\\8.0\\Windows Performance Toolkit\\;C:\\Program Files\\Microsoft SQL Server\\110\\Tools\\Binn\\;D:\\wamp\\bin\\php\\php5.4;D:\\Program Files\\Java\\jdk1.6.0_26\\bin;D:\\Program Files\\Java\\jdk1.6.0_26\\jre\\bin'
    'SystemRoot' => 'C:\\Windows'
    'COMSPEC' => 'C:\\Windows\\system32\\cmd.exe'
    'PATHEXT' => '.COM;.EXE;.BAT;.CMD;.VBS;.VBE;.JS;.JSE;.WSF;.WSH;.MSC'
    'WINDIR' => 'C:\\Windows'
    'SERVER_SIGNATURE' => ''
    'SERVER_SOFTWARE' => 'Apache/2.4.18 (Win32) OpenSSL/1.0.2e PHP/5.5.30'
    'SERVER_NAME' => 'www.pokermate.com'
    'SERVER_ADDR' => '127.0.0.1'
    'SERVER_PORT' => '80'
    'REMOTE_ADDR' => '127.0.0.1'
    'DOCUMENT_ROOT' => 'D:/git/pokermate'
    'REQUEST_SCHEME' => 'http'
    'CONTEXT_PREFIX' => ''
    'CONTEXT_DOCUMENT_ROOT' => 'D:/git/pokermate'
    'SERVER_ADMIN' => 'admin@phpStudy.net'
    'SCRIPT_FILENAME' => 'D:/git/pokermate/index.php'
    'REMOTE_PORT' => '64435'
    'GATEWAY_INTERFACE' => 'CGI/1.1'
    'SERVER_PROTOCOL' => 'HTTP/1.1'
    'REQUEST_METHOD' => 'GET'
    'QUERY_STRING' => ''
    'REQUEST_URI' => '/'
    'SCRIPT_NAME' => '/index.php'
    'PHP_SELF' => '/index.php'
    'REQUEST_TIME_FLOAT' => 1504437521.631
    'REQUEST_TIME' => 1504437521
]
=================================LOG_END
LOG_START=================================
[time=2017-09-03 19:19:16] [127.0.0.1][-][-][level=error][category=yii\base\UnknownClassException] 
exception 'yii\base\UnknownClassException' with message 'Unable to find 'home\controllers\SiteController' in file: D:\git\pokermate/apps/home/controllers/SiteController.php. Namespace missing?' in D:\git\pokermate\framework\yiisoft\yii2\BaseYii.php:291
Stack trace:
#0 [internal function]: yii\BaseYii::autoload('home\\controller...')
#1 [internal function]: spl_autoload_call('home\\controller...')
#2 D:\git\pokermate\framework\yiisoft\yii2\base\Module.php(563): class_exists('home\\controller...')
#3 D:\git\pokermate\framework\yiisoft\yii2\base\Module.php(521): yii\base\Module->createControllerByID('site')
#4 D:\git\pokermate\framework\yiisoft\yii2\base\Module.php(449): yii\base\Module->createController('site/index')
#5 D:\git\pokermate\framework\yiisoft\yii2\web\Application.php(84): yii\base\Module->runAction('site/index', Array)
#6 D:\git\pokermate\framework\yiisoft\yii2\base\Application.php(375): yii\web\Application->handleRequest(Object(yii\web\Request))
#7 D:\git\pokermate\apps\home\web\index.php(4): yii\base\Application->run()
#8 D:\git\pokermate\index.php(3): require('D:\\git\\pokermat...')
#9 {main}
=================================LOG_END
LOG_START=================================
[time=2017-09-03 19:19:16] [127.0.0.1][-][-][level=info][category=application] 
$_SERVER = [
    'HTTP_HOST' => 'www.pokermate.com'
    'HTTP_CONNECTION' => 'keep-alive'
    'HTTP_CACHE_CONTROL' => 'max-age=0'
    'HTTP_UPGRADE_INSECURE_REQUESTS' => '1'
    'HTTP_USER_AGENT' => 'Mozilla/5.0 (Windows NT 6.1; WOW64) AppleWebKit/537.36 (KHTML, like Gecko) Chrome/60.0.3112.90 Safari/537.36'
    'HTTP_ACCEPT' => 'text/html,application/xhtml+xml,application/xml;q=0.9,image/webp,image/apng,*/*;q=0.8'
    'HTTP_ACCEPT_ENCODING' => 'gzip, deflate'
    'HTTP_ACCEPT_LANGUAGE' => 'zh-CN,zh;q=0.8,en;q=0.6,fr;q=0.4'
    'PATH' => 'C:\\Users\\Public\\Fog\\Program\\;C:\\Users\\Public\\PTGo\\Program\\;C:\\Program Files\\Common Files\\Microsoft Shared\\Windows Live;C:\\Program Files (x86)\\Common Files\\Microsoft Shared\\Windows Live;D:\\Program Files\\CollabNet\\Subversion Client;C:\\Program Files (x86)\\Intel\\iCLS Client\\;C:\\Program Files\\Intel\\iCLS Client\\;C:\\Windows\\system32;C:\\Windows;C:\\Windows\\System32\\Wbem;C:\\Windows\\System32\\WindowsPowerShell\\v1.0\\;C:\\Program Files (x86)\\Intel\\OpenCL SDK\\2.0\\bin\\x86;C:\\Program Files (x86)\\Intel\\OpenCL SDK\\2.0\\bin\\x64;C:\\Program Files\\Intel\\Intel(R) Management Engine Components\\DAL;C:\\Program Files\\Intel\\Intel(R) Management Engine Components\\IPT;C:\\Program Files (x86)\\Intel\\Intel(R) Management Engine Components\\DAL;C:\\Program Files (x86)\\Intel\\Intel(R) Management Engine Components\\IPT;C:\\Program Files (x86)\\Windows Live\\Shared;D:\\Program Files\\Windows7Master;D:\\Program Files\\Rational\\common;D:\\Program Files\\TortoiseSVN\\bin;C:\\Program Files\\Microsoft\\Web Platform Installer\\;C:\\Program Files (x86)\\Microsoft ASP.NET\\ASP.NET Web Pages\\v1.0\\;C:\\Program Files (x86)\\Windows Kits\\8.0\\Windows Performance Toolkit\\;C:\\Program Files\\Microsoft SQL Server\\110\\Tools\\Binn\\;D:\\wamp\\bin\\php\\php5.4;D:\\Program Files\\Java\\jdk1.6.0_26\\bin;D:\\Program Files\\Java\\jdk1.6.0_26\\jre\\bin'
    'SystemRoot' => 'C:\\Windows'
    'COMSPEC' => 'C:\\Windows\\system32\\cmd.exe'
    'PATHEXT' => '.COM;.EXE;.BAT;.CMD;.VBS;.VBE;.JS;.JSE;.WSF;.WSH;.MSC'
    'WINDIR' => 'C:\\Windows'
    'SERVER_SIGNATURE' => ''
    'SERVER_SOFTWARE' => 'Apache/2.4.18 (Win32) OpenSSL/1.0.2e PHP/5.5.30'
    'SERVER_NAME' => 'www.pokermate.com'
    'SERVER_ADDR' => '127.0.0.1'
    'SERVER_PORT' => '80'
    'REMOTE_ADDR' => '127.0.0.1'
    'DOCUMENT_ROOT' => 'D:/git/pokermate'
    'REQUEST_SCHEME' => 'http'
    'CONTEXT_PREFIX' => ''
    'CONTEXT_DOCUMENT_ROOT' => 'D:/git/pokermate'
    'SERVER_ADMIN' => 'admin@phpStudy.net'
    'SCRIPT_FILENAME' => 'D:/git/pokermate/index.php'
    'REMOTE_PORT' => '64437'
    'GATEWAY_INTERFACE' => 'CGI/1.1'
    'SERVER_PROTOCOL' => 'HTTP/1.1'
    'REQUEST_METHOD' => 'GET'
    'QUERY_STRING' => ''
    'REQUEST_URI' => '/'
    'SCRIPT_NAME' => '/index.php'
    'PHP_SELF' => '/index.php'
    'REQUEST_TIME_FLOAT' => 1504437556.848
    'REQUEST_TIME' => 1504437556
]
=================================LOG_END
LOG_START=================================
[time=2017-09-03 19:19:42] [127.0.0.1][-][-][level=error][category=yii\base\InvalidConfigException] 
exception 'yii\base\InvalidConfigException' with message 'The directory does not exist: D:/git/pokermate/assets' in D:\git\pokermate\framework\yiisoft\yii2\web\AssetManager.php:211
Stack trace:
#0 D:\git\pokermate\framework\yiisoft\yii2\base\Object.php(107): yii\web\AssetManager->init()
#1 [internal function]: yii\base\Object->__construct(Array)
#2 D:\git\pokermate\framework\yiisoft\yii2\di\Container.php(372): ReflectionClass->newInstanceArgs(Array)
#3 D:\git\pokermate\framework\yiisoft\yii2\di\Container.php(151): yii\di\Container->build('yii\\web\\AssetMa...', Array, Array)
#4 D:\git\pokermate\framework\yiisoft\yii2\BaseYii.php(344): yii\di\Container->get('yii\\web\\AssetMa...', Array, Array)
#5 D:\git\pokermate\framework\yiisoft\yii2\di\ServiceLocator.php(133): yii\BaseYii::createObject(Array)
#6 D:\git\pokermate\framework\yiisoft\yii2\base\Application.php(600): yii\di\ServiceLocator->get('assetManager')
#7 D:\git\pokermate\framework\yiisoft\yii2\web\View.php(223): yii\base\Application->getAssetManager()
#8 D:\git\pokermate\framework\yiisoft\yii2\web\View.php(283): yii\web\View->getAssetManager()
#9 D:\git\pokermate\apps\home\views\layouts\main.php(2): yii\web\View->registerAssetBundle('common\\assets\\C...')
#10 D:\git\pokermate\framework\yiisoft\yii2\base\View.php(325): require('D:\\git\\pokermat...')
#11 D:\git\pokermate\framework\yiisoft\yii2\base\View.php(247): yii\base\View->renderPhpFile('D:\\git\\pokermat...', Array)
#12 D:\git\pokermate\framework\yiisoft\yii2\base\Controller.php(386): yii\base\View->renderFile('D:\\git\\pokermat...', Array, Object(home\controllers\SiteController))
#13 D:\git\pokermate\framework\yiisoft\yii2\base\Controller.php(372): yii\base\Controller->renderContent('')
#14 D:\git\pokermate\apps\home\controllers\SiteController.php(12): yii\base\Controller->render('index')
#15 [internal function]: home\controllers\SiteController->actionIndex()
#16 D:\git\pokermate\framework\yiisoft\yii2\base\InlineAction.php(55): call_user_func_array(Array, Array)
#17 D:\git\pokermate\framework\yiisoft\yii2\base\Controller.php(151): yii\base\InlineAction->runWithParams(Array)
#18 D:\git\pokermate\framework\yiisoft\yii2\base\Module.php(455): yii\base\Controller->runAction('index', Array)
#19 D:\git\pokermate\framework\yiisoft\yii2\web\Application.php(84): yii\base\Module->runAction('site/index', Array)
#20 D:\git\pokermate\framework\yiisoft\yii2\base\Application.php(375): yii\web\Application->handleRequest(Object(yii\web\Request))
#21 D:\git\pokermate\apps\home\web\index.php(4): yii\base\Application->run()
#22 D:\git\pokermate\index.php(3): require('D:\\git\\pokermat...')
#23 {main}
=================================LOG_END
LOG_START=================================
[time=2017-09-03 19:19:42] [127.0.0.1][-][-][level=info][category=application] 
$_COOKIE = [
    '_csrf' => '87a7044a53cf9c620a8da9e7f039c130225e4fd2eec79d38d505f4835cb42178a:2:{i:0;s:5:\"_csrf\";i:1;s:32:\"Dgy6cni9Njv6KR41idHG05-G-Vfu31ES\";}'
]

$_SERVER = [
    'HTTP_HOST' => 'www.pokermate.com'
    'HTTP_CONNECTION' => 'keep-alive'
    'HTTP_CACHE_CONTROL' => 'max-age=0'
    'HTTP_UPGRADE_INSECURE_REQUESTS' => '1'
    'HTTP_USER_AGENT' => 'Mozilla/5.0 (Windows NT 6.1; WOW64) AppleWebKit/537.36 (KHTML, like Gecko) Chrome/60.0.3112.90 Safari/537.36'
    'HTTP_ACCEPT' => 'text/html,application/xhtml+xml,application/xml;q=0.9,image/webp,image/apng,*/*;q=0.8'
    'HTTP_ACCEPT_ENCODING' => 'gzip, deflate'
    'HTTP_ACCEPT_LANGUAGE' => 'zh-CN,zh;q=0.8,en;q=0.6,fr;q=0.4'
    'HTTP_COOKIE' => '_csrf=87a7044a53cf9c620a8da9e7f039c130225e4fd2eec79d38d505f4835cb42178a%3A2%3A%7Bi%3A0%3Bs%3A5%3A%22_csrf%22%3Bi%3A1%3Bs%3A32%3A%22Dgy6cni9Njv6KR41idHG05-G-Vfu31ES%22%3B%7D'
    'PATH' => 'C:\\Users\\Public\\Fog\\Program\\;C:\\Users\\Public\\PTGo\\Program\\;C:\\Program Files\\Common Files\\Microsoft Shared\\Windows Live;C:\\Program Files (x86)\\Common Files\\Microsoft Shared\\Windows Live;D:\\Program Files\\CollabNet\\Subversion Client;C:\\Program Files (x86)\\Intel\\iCLS Client\\;C:\\Program Files\\Intel\\iCLS Client\\;C:\\Windows\\system32;C:\\Windows;C:\\Windows\\System32\\Wbem;C:\\Windows\\System32\\WindowsPowerShell\\v1.0\\;C:\\Program Files (x86)\\Intel\\OpenCL SDK\\2.0\\bin\\x86;C:\\Program Files (x86)\\Intel\\OpenCL SDK\\2.0\\bin\\x64;C:\\Program Files\\Intel\\Intel(R) Management Engine Components\\DAL;C:\\Program Files\\Intel\\Intel(R) Management Engine Components\\IPT;C:\\Program Files (x86)\\Intel\\Intel(R) Management Engine Components\\DAL;C:\\Program Files (x86)\\Intel\\Intel(R) Management Engine Components\\IPT;C:\\Program Files (x86)\\Windows Live\\Shared;D:\\Program Files\\Windows7Master;D:\\Program Files\\Rational\\common;D:\\Program Files\\TortoiseSVN\\bin;C:\\Program Files\\Microsoft\\Web Platform Installer\\;C:\\Program Files (x86)\\Microsoft ASP.NET\\ASP.NET Web Pages\\v1.0\\;C:\\Program Files (x86)\\Windows Kits\\8.0\\Windows Performance Toolkit\\;C:\\Program Files\\Microsoft SQL Server\\110\\Tools\\Binn\\;D:\\wamp\\bin\\php\\php5.4;D:\\Program Files\\Java\\jdk1.6.0_26\\bin;D:\\Program Files\\Java\\jdk1.6.0_26\\jre\\bin'
    'SystemRoot' => 'C:\\Windows'
    'COMSPEC' => 'C:\\Windows\\system32\\cmd.exe'
    'PATHEXT' => '.COM;.EXE;.BAT;.CMD;.VBS;.VBE;.JS;.JSE;.WSF;.WSH;.MSC'
    'WINDIR' => 'C:\\Windows'
    'SERVER_SIGNATURE' => ''
    'SERVER_SOFTWARE' => 'Apache/2.4.18 (Win32) OpenSSL/1.0.2e PHP/5.5.30'
    'SERVER_NAME' => 'www.pokermate.com'
    'SERVER_ADDR' => '127.0.0.1'
    'SERVER_PORT' => '80'
    'REMOTE_ADDR' => '127.0.0.1'
    'DOCUMENT_ROOT' => 'D:/git/pokermate'
    'REQUEST_SCHEME' => 'http'
    'CONTEXT_PREFIX' => ''
    'CONTEXT_DOCUMENT_ROOT' => 'D:/git/pokermate'
    'SERVER_ADMIN' => 'admin@phpStudy.net'
    'SCRIPT_FILENAME' => 'D:/git/pokermate/index.php'
    'REMOTE_PORT' => '64443'
    'GATEWAY_INTERFACE' => 'CGI/1.1'
    'SERVER_PROTOCOL' => 'HTTP/1.1'
    'REQUEST_METHOD' => 'GET'
    'QUERY_STRING' => ''
    'REQUEST_URI' => ''
    'SCRIPT_NAME' => '/index.php'
    'PHP_SELF' => '/index.php'
    'REQUEST_TIME_FLOAT' => 1504437582.498
    'REQUEST_TIME' => 1504437582
]
=================================LOG_END
